
> orpheuzkaze@0.1.0 build
> next build

▲ Next.js 16.2.10 (Turbopack)

  Creating an optimized production build ...
✓ Compiled successfully in 1572ms
  Running TypeScript ...
  Finished TypeScript in 1568ms ...
  Collecting page data using 14 workers ...
  Generating static pages using 14 workers (0/11) ...
  Generating static pages using 14 workers (2/11) 
  Generating static pages using 14 workers (5/11) 
  Generating static pages using 14 workers (8/11) 
✓ Generating static pages using 14 workers (11/11) in 442ms
  Finalizing page optimization ...

Route (app)
┌ ○ /
├ ○ /_not-found
├ ○ /about
├ ƒ /api/jobs
├ ○ /curated-drops
├ ƒ /curated-drops/[slug]
├ ○ /jobs
├ ƒ /jobs/[id]
├ ○ /newsletter
├ ○ /sources
└ ○ /submit-source


○  (Static)   prerendered as static content
ƒ  (Dynamic)  server-rendered on demand

